<?xml version="1.0" encoding="UTF-8"?>
<!-- Generated by org.testng.reporters.JUnitReportReporter -->
<testsuite hostname="ADMINHO-G0D2BDA" failures="0" tests="2" name="variousConcepts.TestClass" time="12.973" errors="0" timestamp="2023-07-04T11:49:19 CDT" skipped="0">
  <testcase classname="variousConcepts.TestClass" name="login" time="3.397"/>
  <testcase classname="variousConcepts.TestClass" name="addCustomer" time="9.576"/>
</testsuite> <!-- variousConcepts.TestClass -->
