<?xml version="1.0" encoding="UTF-8"?>
<!-- Generated by org.testng.reporters.JUnitReportReporter -->
<testsuite hostname="ADMINHO-G0D2BDA" failures="0" tests="1" name="variousConcepts.LoginTest" time="4.399" errors="0" timestamp="2023-06-27T15:39:07 CDT" skipped="0">
  <testcase classname="variousConcepts.LoginTest" name="login" time="4.399"/>
</testsuite> <!-- variousConcepts.LoginTest -->
